2021-09-28 00:03:18.829  INFO 25720 --- [RMI TCP Connection(23)-127.0.0.1] inMXBeanRegistrar$SpringApplicationAdmin : Application shutdown requested.
2021-09-28 00:03:19.025  INFO 25720 --- [RMI TCP Connection(23)-127.0.0.1] j.LocalContainerEntityManagerFactoryBean : Closing JPA EntityManagerFactory for persistence unit 'default'
2021-09-28 00:03:19.052  INFO 25720 --- [RMI TCP Connection(23)-127.0.0.1] com.zaxxer.hikari.HikariDataSource       : HikariPool-1 - Shutdown initiated...
2021-09-28 00:03:19.079  INFO 25720 --- [RMI TCP Connection(23)-127.0.0.1] com.zaxxer.hikari.HikariDataSource       : HikariPool-1 - Shutdown completed.
2021-09-28 00:03:33.916  INFO 26204 --- [restartedMain] com.example.pi.ProjetPi1Application      : Starting ProjetPi1Application using Java 15 on LAPTOP-5P2CV3C9 with PID 26204 (C:\products\projetPI-1\target\classes started by skand in C:\products\projetPI-1)
2021-09-28 00:03:33.918  INFO 26204 --- [restartedMain] com.example.pi.ProjetPi1Application      : No active profile set, falling back to default profiles: default
2021-09-28 00:03:33.954  INFO 26204 --- [restartedMain] .e.DevToolsPropertyDefaultsPostProcessor : Devtools property defaults active! Set 'spring.devtools.add-properties' to 'false' to disable
2021-09-28 00:03:33.954  INFO 26204 --- [restartedMain] .e.DevToolsPropertyDefaultsPostProcessor : For additional web related logging consider setting the 'logging.level.web' property to 'DEBUG'
2021-09-28 00:03:34.467  INFO 26204 --- [restartedMain] .s.d.r.c.RepositoryConfigurationDelegate : Bootstrapping Spring Data JPA repositories in DEFAULT mode.
2021-09-28 00:03:34.477  INFO 26204 --- [restartedMain] .s.d.r.c.RepositoryConfigurationDelegate : Finished Spring Data repository scanning in 3 ms. Found 0 JPA repository interfaces.
2021-09-28 00:03:34.980  INFO 26204 --- [restartedMain] o.s.b.w.embedded.tomcat.TomcatWebServer  : Tomcat initialized with port(s): 8080 (http)
2021-09-28 00:03:34.989  INFO 26204 --- [restartedMain] o.apache.catalina.core.StandardService   : Starting service [Tomcat]
2021-09-28 00:03:34.990  INFO 26204 --- [restartedMain] org.apache.catalina.core.StandardEngine  : Starting Servlet engine: [Apache Tomcat/9.0.53]
2021-09-28 00:03:35.072  INFO 26204 --- [restartedMain] o.a.c.c.C.[.[localhost].[/SpringMVC]     : Initializing Spring embedded WebApplicationContext
2021-09-28 00:03:35.072  INFO 26204 --- [restartedMain] w.s.c.ServletWebServerApplicationContext : Root WebApplicationContext: initialization completed in 1117 ms
2021-09-28 00:03:35.256  INFO 26204 --- [restartedMain] o.hibernate.jpa.internal.util.LogHelper  : HHH000204: Processing PersistenceUnitInfo [name: default]
2021-09-28 00:03:35.319  INFO 26204 --- [restartedMain] org.hibernate.Version                    : HHH000412: Hibernate ORM core version 5.4.32.Final
2021-09-28 00:03:35.484  INFO 26204 --- [restartedMain] o.hibernate.annotations.common.Version   : HCANN000001: Hibernate Commons Annotations {5.1.2.Final}
2021-09-28 00:03:35.590  INFO 26204 --- [restartedMain] com.zaxxer.hikari.HikariDataSource       : HikariPool-1 - Starting...
2021-09-28 00:03:35.770  INFO 26204 --- [restartedMain] com.zaxxer.hikari.HikariDataSource       : HikariPool-1 - Start completed.
2021-09-28 00:03:35.790  INFO 26204 --- [restartedMain] org.hibernate.dialect.Dialect            : HHH000400: Using dialect: org.hibernate.dialect.MySQL5Dialect
2021-09-28 00:03:36.050  INFO 26204 --- [restartedMain] o.h.e.t.j.p.i.JtaPlatformInitiator       : HHH000490: Using JtaPlatform implementation: [org.hibernate.engine.transaction.jta.platform.internal.NoJtaPlatform]
2021-09-28 00:03:36.060  INFO 26204 --- [restartedMain] j.LocalContainerEntityManagerFactoryBean : Initialized JPA EntityManagerFactory for persistence unit 'default'
2021-09-28 00:03:36.114  WARN 26204 --- [restartedMain] JpaBaseConfiguration$JpaWebConfiguration : spring.jpa.open-in-view is enabled by default. Therefore, database queries may be performed during view rendering. Explicitly configure spring.jpa.open-in-view to disable this warning
2021-09-28 00:03:36.367  INFO 26204 --- [restartedMain] o.s.b.d.a.OptionalLiveReloadServer       : LiveReload server is running on port 35729
2021-09-28 00:03:36.400  INFO 26204 --- [restartedMain] o.s.b.w.embedded.tomcat.TomcatWebServer  : Tomcat started on port(s): 8080 (http) with context path '/SpringMVC'
2021-09-28 00:03:36.411  INFO 26204 --- [restartedMain] com.example.pi.ProjetPi1Application      : Started ProjetPi1Application in 2.85 seconds (JVM running for 3.576)
2021-09-28 00:04:34.366  INFO 26204 --- [http-nio-8080-exec-2] o.a.c.c.C.[.[localhost].[/SpringMVC]     : Initializing Spring DispatcherServlet 'dispatcherServlet'
2021-09-28 00:04:34.367  INFO 26204 --- [http-nio-8080-exec-2] o.s.web.servlet.DispatcherServlet        : Initializing Servlet 'dispatcherServlet'
2021-09-28 00:04:34.368  INFO 26204 --- [http-nio-8080-exec-2] o.s.web.servlet.DispatcherServlet        : Completed initialization in 1 ms
2021-09-28 00:05:36.623  INFO 26204 --- [Thread-5] j.LocalContainerEntityManagerFactoryBean : Closing JPA EntityManagerFactory for persistence unit 'default'
2021-09-28 00:05:36.625  INFO 26204 --- [Thread-5] com.zaxxer.hikari.HikariDataSource       : HikariPool-1 - Shutdown initiated...
2021-09-28 00:05:36.633  INFO 26204 --- [Thread-5] com.zaxxer.hikari.HikariDataSource       : HikariPool-1 - Shutdown completed.
2021-09-28 00:05:36.682  INFO 26204 --- [restartedMain] com.example.pi.ProjetPi1Application      : Starting ProjetPi1Application using Java 15 on LAPTOP-5P2CV3C9 with PID 26204 (C:\products\projetPI-1\target\classes started by skand in C:\products\projetPI-1)
2021-09-28 00:05:36.683  INFO 26204 --- [restartedMain] com.example.pi.ProjetPi1Application      : No active profile set, falling back to default profiles: default
2021-09-28 00:05:36.809  INFO 26204 --- [restartedMain] .s.d.r.c.RepositoryConfigurationDelegate : Bootstrapping Spring Data JPA repositories in DEFAULT mode.
2021-09-28 00:05:36.810  INFO 26204 --- [restartedMain] .s.d.r.c.RepositoryConfigurationDelegate : Finished Spring Data repository scanning in 0 ms. Found 0 JPA repository interfaces.
2021-09-28 00:05:36.881  INFO 26204 --- [restartedMain] o.s.b.w.embedded.tomcat.TomcatWebServer  : Tomcat initialized with port(s): 8080 (http)
2021-09-28 00:05:36.882  INFO 26204 --- [restartedMain] o.apache.catalina.core.StandardService   : Starting service [Tomcat]
2021-09-28 00:05:36.882  INFO 26204 --- [restartedMain] org.apache.catalina.core.StandardEngine  : Starting Servlet engine: [Apache Tomcat/9.0.53]
2021-09-28 00:05:36.901  INFO 26204 --- [restartedMain] o.a.c.c.C.[.[localhost].[/SpringMVC]     : Initializing Spring embedded WebApplicationContext
2021-09-28 00:05:36.902  INFO 26204 --- [restartedMain] w.s.c.ServletWebServerApplicationContext : Root WebApplicationContext: initialization completed in 218 ms
2021-09-28 00:05:36.949  INFO 26204 --- [restartedMain] o.hibernate.jpa.internal.util.LogHelper  : HHH000204: Processing PersistenceUnitInfo [name: default]
2021-09-28 00:05:36.956  INFO 26204 --- [restartedMain] com.zaxxer.hikari.HikariDataSource       : HikariPool-2 - Starting...
2021-09-28 00:05:36.965  INFO 26204 --- [restartedMain] com.zaxxer.hikari.HikariDataSource       : HikariPool-2 - Start completed.
2021-09-28 00:05:36.966  INFO 26204 --- [restartedMain] org.hibernate.dialect.Dialect            : HHH000400: Using dialect: org.hibernate.dialect.MySQL5Dialect
2021-09-28 00:05:36.979  INFO 26204 --- [restartedMain] o.h.e.t.j.p.i.JtaPlatformInitiator       : HHH000490: Using JtaPlatform implementation: [org.hibernate.engine.transaction.jta.platform.internal.NoJtaPlatform]
2021-09-28 00:05:36.980  INFO 26204 --- [restartedMain] j.LocalContainerEntityManagerFactoryBean : Initialized JPA EntityManagerFactory for persistence unit 'default'
2021-09-28 00:05:37.001  WARN 26204 --- [restartedMain] JpaBaseConfiguration$JpaWebConfiguration : spring.jpa.open-in-view is enabled by default. Therefore, database queries may be performed during view rendering. Explicitly configure spring.jpa.open-in-view to disable this warning
2021-09-28 00:05:37.073  INFO 26204 --- [restartedMain] o.s.b.d.a.OptionalLiveReloadServer       : LiveReload server is running on port 35729
2021-09-28 00:05:37.082  INFO 26204 --- [restartedMain] o.s.b.w.embedded.tomcat.TomcatWebServer  : Tomcat started on port(s): 8080 (http) with context path '/SpringMVC'
2021-09-28 00:05:37.086  INFO 26204 --- [restartedMain] com.example.pi.ProjetPi1Application      : Started ProjetPi1Application in 0.427 seconds (JVM running for 124.251)
2021-09-28 00:05:37.088  INFO 26204 --- [restartedMain] .ConditionEvaluationDeltaLoggingListener : Condition evaluation unchanged
2021-09-28 00:08:58.324  INFO 26204 --- [Thread-7] j.LocalContainerEntityManagerFactoryBean : Closing JPA EntityManagerFactory for persistence unit 'default'
2021-09-28 00:08:58.331  INFO 26204 --- [Thread-7] com.zaxxer.hikari.HikariDataSource       : HikariPool-2 - Shutdown initiated...
2021-09-28 00:08:58.337  INFO 26204 --- [Thread-7] com.zaxxer.hikari.HikariDataSource       : HikariPool-2 - Shutdown completed.
2021-09-28 00:08:58.405  INFO 26204 --- [restartedMain] com.example.pi.ProjetPi1Application      : Starting ProjetPi1Application using Java 15 on LAPTOP-5P2CV3C9 with PID 26204 (C:\products\projetPI-1\target\classes started by skand in C:\products\projetPI-1)
2021-09-28 00:08:58.405  INFO 26204 --- [restartedMain] com.example.pi.ProjetPi1Application      : No active profile set, falling back to default profiles: default
2021-09-28 00:08:58.540  INFO 26204 --- [restartedMain] .s.d.r.c.RepositoryConfigurationDelegate : Bootstrapping Spring Data JPA repositories in DEFAULT mode.
2021-09-28 00:08:58.541  INFO 26204 --- [restartedMain] .s.d.r.c.RepositoryConfigurationDelegate : Finished Spring Data repository scanning in 1 ms. Found 0 JPA repository interfaces.
2021-09-28 00:08:58.639  INFO 26204 --- [restartedMain] o.s.b.w.embedded.tomcat.TomcatWebServer  : Tomcat initialized with port(s): 8080 (http)
2021-09-28 00:08:58.639  INFO 26204 --- [restartedMain] o.apache.catalina.core.StandardService   : Starting service [Tomcat]
2021-09-28 00:08:58.639  INFO 26204 --- [restartedMain] org.apache.catalina.core.StandardEngine  : Starting Servlet engine: [Apache Tomcat/9.0.53]
2021-09-28 00:08:58.655  INFO 26204 --- [restartedMain] o.a.c.c.C.[.[localhost].[/SpringMVC]     : Initializing Spring embedded WebApplicationContext
2021-09-28 00:08:58.656  INFO 26204 --- [restartedMain] w.s.c.ServletWebServerApplicationContext : Root WebApplicationContext: initialization completed in 248 ms
2021-09-28 00:08:58.676  INFO 26204 --- [restartedMain] o.hibernate.jpa.internal.util.LogHelper  : HHH000204: Processing PersistenceUnitInfo [name: default]
2021-09-28 00:08:58.679  INFO 26204 --- [restartedMain] com.zaxxer.hikari.HikariDataSource       : HikariPool-3 - Starting...
2021-09-28 00:08:58.687  INFO 26204 --- [restartedMain] com.zaxxer.hikari.HikariDataSource       : HikariPool-3 - Start completed.
2021-09-28 00:08:58.688  INFO 26204 --- [restartedMain] org.hibernate.dialect.Dialect            : HHH000400: Using dialect: org.hibernate.dialect.MySQL5Dialect
2021-09-28 00:08:58.696  INFO 26204 --- [restartedMain] o.h.e.t.j.p.i.JtaPlatformInitiator       : HHH000490: Using JtaPlatform implementation: [org.hibernate.engine.transaction.jta.platform.internal.NoJtaPlatform]
2021-09-28 00:08:58.696  INFO 26204 --- [restartedMain] j.LocalContainerEntityManagerFactoryBean : Initialized JPA EntityManagerFactory for persistence unit 'default'
2021-09-28 00:08:58.710  WARN 26204 --- [restartedMain] JpaBaseConfiguration$JpaWebConfiguration : spring.jpa.open-in-view is enabled by default. Therefore, database queries may be performed during view rendering. Explicitly configure spring.jpa.open-in-view to disable this warning
2021-09-28 00:08:58.775  INFO 26204 --- [restartedMain] o.s.b.d.a.OptionalLiveReloadServer       : LiveReload server is running on port 35729
2021-09-28 00:08:58.781  INFO 26204 --- [restartedMain] o.s.b.w.embedded.tomcat.TomcatWebServer  : Tomcat started on port(s): 8080 (http) with context path '/SpringMVC'
2021-09-28 00:08:58.784  INFO 26204 --- [restartedMain] com.example.pi.ProjetPi1Application      : Started ProjetPi1Application in 0.405 seconds (JVM running for 325.949)
2021-09-28 00:08:58.785  INFO 26204 --- [restartedMain] .ConditionEvaluationDeltaLoggingListener : Condition evaluation unchanged
2021-09-28 00:09:13.829  INFO 26204 --- [http-nio-8080-exec-1] o.a.c.c.C.[.[localhost].[/SpringMVC]     : Initializing Spring DispatcherServlet 'dispatcherServlet'
2021-09-28 00:09:13.829  INFO 26204 --- [http-nio-8080-exec-1] o.s.web.servlet.DispatcherServlet        : Initializing Servlet 'dispatcherServlet'
2021-09-28 00:09:13.830  INFO 26204 --- [http-nio-8080-exec-1] o.s.web.servlet.DispatcherServlet        : Completed initialization in 0 ms
2021-09-28 00:12:23.962  INFO 26204 --- [RMI TCP Connection(22)-127.0.0.1] inMXBeanRegistrar$SpringApplicationAdmin : Application shutdown requested.
2021-09-28 00:12:23.984  INFO 26204 --- [RMI TCP Connection(22)-127.0.0.1] j.LocalContainerEntityManagerFactoryBean : Closing JPA EntityManagerFactory for persistence unit 'default'
2021-09-28 00:12:23.985  INFO 26204 --- [RMI TCP Connection(22)-127.0.0.1] com.zaxxer.hikari.HikariDataSource       : HikariPool-3 - Shutdown initiated...
2021-09-28 00:12:23.986  INFO 26204 --- [RMI TCP Connection(22)-127.0.0.1] com.zaxxer.hikari.HikariDataSource       : HikariPool-3 - Shutdown completed.
2021-09-28 00:17:04.865  INFO 24220 --- [restartedMain] com.example.pi.ProjetPi1Application      : Starting ProjetPi1Application using Java 15 on LAPTOP-5P2CV3C9 with PID 24220 (C:\products\projetPI-1\target\classes started by skand in C:\products\projetPI-1)
2021-09-28 00:17:04.867  INFO 24220 --- [restartedMain] com.example.pi.ProjetPi1Application      : No active profile set, falling back to default profiles: default
2021-09-28 00:17:04.902  INFO 24220 --- [restartedMain] .e.DevToolsPropertyDefaultsPostProcessor : Devtools property defaults active! Set 'spring.devtools.add-properties' to 'false' to disable
2021-09-28 00:17:04.902  INFO 24220 --- [restartedMain] .e.DevToolsPropertyDefaultsPostProcessor : For additional web related logging consider setting the 'logging.level.web' property to 'DEBUG'
2021-09-28 00:17:05.335  INFO 24220 --- [restartedMain] .s.d.r.c.RepositoryConfigurationDelegate : Bootstrapping Spring Data JPA repositories in DEFAULT mode.
2021-09-28 00:17:05.345  INFO 24220 --- [restartedMain] .s.d.r.c.RepositoryConfigurationDelegate : Finished Spring Data repository scanning in 4 ms. Found 0 JPA repository interfaces.
2021-09-28 00:17:05.817  INFO 24220 --- [restartedMain] o.s.b.w.embedded.tomcat.TomcatWebServer  : Tomcat initialized with port(s): 8080 (http)
2021-09-28 00:17:05.827  INFO 24220 --- [restartedMain] o.apache.catalina.core.StandardService   : Starting service [Tomcat]
2021-09-28 00:17:05.828  INFO 24220 --- [restartedMain] org.apache.catalina.core.StandardEngine  : Starting Servlet engine: [Apache Tomcat/9.0.53]
2021-09-28 00:17:05.927  INFO 24220 --- [restartedMain] o.a.c.c.C.[.[localhost].[/SpringMVC]     : Initializing Spring embedded WebApplicationContext
2021-09-28 00:17:05.927  INFO 24220 --- [restartedMain] w.s.c.ServletWebServerApplicationContext : Root WebApplicationContext: initialization completed in 1024 ms
2021-09-28 00:17:06.099  INFO 24220 --- [restartedMain] o.hibernate.jpa.internal.util.LogHelper  : HHH000204: Processing PersistenceUnitInfo [name: default]
2021-09-28 00:17:06.152  INFO 24220 --- [restartedMain] org.hibernate.Version                    : HHH000412: Hibernate ORM core version 5.4.32.Final
2021-09-28 00:17:06.302  INFO 24220 --- [restartedMain] o.hibernate.annotations.common.Version   : HCANN000001: Hibernate Commons Annotations {5.1.2.Final}
2021-09-28 00:17:06.399  INFO 24220 --- [restartedMain] com.zaxxer.hikari.HikariDataSource       : HikariPool-1 - Starting...
2021-09-28 00:17:06.544  INFO 24220 --- [restartedMain] com.zaxxer.hikari.HikariDataSource       : HikariPool-1 - Start completed.
2021-09-28 00:17:06.564  INFO 24220 --- [restartedMain] org.hibernate.dialect.Dialect            : HHH000400: Using dialect: org.hibernate.dialect.MySQL5Dialect
2021-09-28 00:17:06.838  INFO 24220 --- [restartedMain] o.h.e.t.j.p.i.JtaPlatformInitiator       : HHH000490: Using JtaPlatform implementation: [org.hibernate.engine.transaction.jta.platform.internal.NoJtaPlatform]
2021-09-28 00:17:06.846  INFO 24220 --- [restartedMain] j.LocalContainerEntityManagerFactoryBean : Initialized JPA EntityManagerFactory for persistence unit 'default'
2021-09-28 00:17:06.882  WARN 24220 --- [restartedMain] JpaBaseConfiguration$JpaWebConfiguration : spring.jpa.open-in-view is enabled by default. Therefore, database queries may be performed during view rendering. Explicitly configure spring.jpa.open-in-view to disable this warning
2021-09-28 00:17:07.226  INFO 24220 --- [restartedMain] o.s.b.d.a.OptionalLiveReloadServer       : LiveReload server is running on port 35729
2021-09-28 00:17:07.262  INFO 24220 --- [restartedMain] o.s.b.w.embedded.tomcat.TomcatWebServer  : Tomcat started on port(s): 8080 (http) with context path '/SpringMVC'
2021-09-28 00:17:07.271  INFO 24220 --- [restartedMain] com.example.pi.ProjetPi1Application      : Started ProjetPi1Application in 2.814 seconds (JVM running for 3.536)
2021-09-28 00:17:19.349  INFO 24220 --- [http-nio-8080-exec-1] o.a.c.c.C.[.[localhost].[/SpringMVC]     : Initializing Spring DispatcherServlet 'dispatcherServlet'
2021-09-28 00:17:19.349  INFO 24220 --- [http-nio-8080-exec-1] o.s.web.servlet.DispatcherServlet        : Initializing Servlet 'dispatcherServlet'
2021-09-28 00:17:19.351  INFO 24220 --- [http-nio-8080-exec-1] o.s.web.servlet.DispatcherServlet        : Completed initialization in 1 ms
2021-09-28 00:17:48.032  INFO 24220 --- [RMI TCP Connection(10)-127.0.0.1] inMXBeanRegistrar$SpringApplicationAdmin : Application shutdown requested.
2021-09-28 00:17:48.064  INFO 24220 --- [RMI TCP Connection(10)-127.0.0.1] j.LocalContainerEntityManagerFactoryBean : Closing JPA EntityManagerFactory for persistence unit 'default'
2021-09-28 00:17:48.067  INFO 24220 --- [RMI TCP Connection(10)-127.0.0.1] com.zaxxer.hikari.HikariDataSource       : HikariPool-1 - Shutdown initiated...
2021-09-28 00:17:48.075  INFO 24220 --- [RMI TCP Connection(10)-127.0.0.1] com.zaxxer.hikari.HikariDataSource       : HikariPool-1 - Shutdown completed.
2021-09-28 00:18:48.827  INFO 5760 --- [restartedMain] com.example.pi.ProjetPi1Application      : Starting ProjetPi1Application using Java 15 on LAPTOP-5P2CV3C9 with PID 5760 (C:\products\projetPI-1\target\classes started by skand in C:\products\projetPI-1)
2021-09-28 00:18:48.829  INFO 5760 --- [restartedMain] com.example.pi.ProjetPi1Application      : No active profile set, falling back to default profiles: default
2021-09-28 00:18:48.876  INFO 5760 --- [restartedMain] .e.DevToolsPropertyDefaultsPostProcessor : Devtools property defaults active! Set 'spring.devtools.add-properties' to 'false' to disable
2021-09-28 00:18:48.876  INFO 5760 --- [restartedMain] .e.DevToolsPropertyDefaultsPostProcessor : For additional web related logging consider setting the 'logging.level.web' property to 'DEBUG'
2021-09-28 00:18:49.404  INFO 5760 --- [restartedMain] .s.d.r.c.RepositoryConfigurationDelegate : Bootstrapping Spring Data JPA repositories in DEFAULT mode.
2021-09-28 00:18:49.415  INFO 5760 --- [restartedMain] .s.d.r.c.RepositoryConfigurationDelegate : Finished Spring Data repository scanning in 4 ms. Found 0 JPA repository interfaces.
2021-09-28 00:18:49.875  INFO 5760 --- [restartedMain] o.s.b.w.embedded.tomcat.TomcatWebServer  : Tomcat initialized with port(s): 8080 (http)
2021-09-28 00:18:49.885  INFO 5760 --- [restartedMain] o.apache.catalina.core.StandardService   : Starting service [Tomcat]
2021-09-28 00:18:49.886  INFO 5760 --- [restartedMain] org.apache.catalina.core.StandardEngine  : Starting Servlet engine: [Apache Tomcat/9.0.53]
2021-09-28 00:18:49.968  INFO 5760 --- [restartedMain] o.a.c.c.C.[.[localhost].[/SpringMVC]     : Initializing Spring embedded WebApplicationContext
2021-09-28 00:18:49.968  INFO 5760 --- [restartedMain] w.s.c.ServletWebServerApplicationContext : Root WebApplicationContext: initialization completed in 1092 ms
2021-09-28 00:18:50.111  INFO 5760 --- [restartedMain] o.hibernate.jpa.internal.util.LogHelper  : HHH000204: Processing PersistenceUnitInfo [name: default]
2021-09-28 00:18:50.165  INFO 5760 --- [restartedMain] org.hibernate.Version                    : HHH000412: Hibernate ORM core version 5.4.32.Final
2021-09-28 00:18:50.317  INFO 5760 --- [restartedMain] o.hibernate.annotations.common.Version   : HCANN000001: Hibernate Commons Annotations {5.1.2.Final}
2021-09-28 00:18:50.434  INFO 5760 --- [restartedMain] com.zaxxer.hikari.HikariDataSource       : HikariPool-1 - Starting...
2021-09-28 00:18:50.573  INFO 5760 --- [restartedMain] com.zaxxer.hikari.HikariDataSource       : HikariPool-1 - Start completed.
2021-09-28 00:18:50.592  INFO 5760 --- [restartedMain] org.hibernate.dialect.Dialect            : HHH000400: Using dialect: org.hibernate.dialect.MySQL5Dialect
2021-09-28 00:18:50.813  INFO 5760 --- [restartedMain] o.h.e.t.j.p.i.JtaPlatformInitiator       : HHH000490: Using JtaPlatform implementation: [org.hibernate.engine.transaction.jta.platform.internal.NoJtaPlatform]
2021-09-28 00:18:50.820  INFO 5760 --- [restartedMain] j.LocalContainerEntityManagerFactoryBean : Initialized JPA EntityManagerFactory for persistence unit 'default'
2021-09-28 00:18:50.853  WARN 5760 --- [restartedMain] JpaBaseConfiguration$JpaWebConfiguration : spring.jpa.open-in-view is enabled by default. Therefore, database queries may be performed during view rendering. Explicitly configure spring.jpa.open-in-view to disable this warning
2021-09-28 00:18:51.099  INFO 5760 --- [restartedMain] o.s.b.d.a.OptionalLiveReloadServer       : LiveReload server is running on port 35729
2021-09-28 00:18:51.129  INFO 5760 --- [restartedMain] o.s.b.w.embedded.tomcat.TomcatWebServer  : Tomcat started on port(s): 8080 (http) with context path '/SpringMVC'
2021-09-28 00:18:51.135  INFO 5760 --- [restartedMain] com.example.pi.ProjetPi1Application      : Started ProjetPi1Application in 2.696 seconds (JVM running for 3.47)
2021-09-28 00:18:59.098  INFO 5760 --- [http-nio-8080-exec-1] o.a.c.c.C.[.[localhost].[/SpringMVC]     : Initializing Spring DispatcherServlet 'dispatcherServlet'
2021-09-28 00:18:59.099  INFO 5760 --- [http-nio-8080-exec-1] o.s.web.servlet.DispatcherServlet        : Initializing Servlet 'dispatcherServlet'
2021-09-28 00:18:59.100  INFO 5760 --- [http-nio-8080-exec-1] o.s.web.servlet.DispatcherServlet        : Completed initialization in 1 ms
2021-09-28 00:20:11.881  INFO 5760 --- [RMI TCP Connection(11)-127.0.0.1] inMXBeanRegistrar$SpringApplicationAdmin : Application shutdown requested.
2021-09-28 00:20:11.909  INFO 5760 --- [RMI TCP Connection(11)-127.0.0.1] j.LocalContainerEntityManagerFactoryBean : Closing JPA EntityManagerFactory for persistence unit 'default'
2021-09-28 00:20:11.912  INFO 5760 --- [RMI TCP Connection(11)-127.0.0.1] com.zaxxer.hikari.HikariDataSource       : HikariPool-1 - Shutdown initiated...
2021-09-28 00:20:11.922  INFO 5760 --- [RMI TCP Connection(11)-127.0.0.1] com.zaxxer.hikari.HikariDataSource       : HikariPool-1 - Shutdown completed.
2021-09-28 00:24:34.308  INFO 23436 --- [restartedMain] com.example.pi.ProjetPi1Application      : Starting ProjetPi1Application using Java 15 on LAPTOP-5P2CV3C9 with PID 23436 (C:\products\projetPI-1\target\classes started by skand in C:\products\projetPI-1)
2021-09-28 00:24:34.310  INFO 23436 --- [restartedMain] com.example.pi.ProjetPi1Application      : No active profile set, falling back to default profiles: default
2021-09-28 00:24:34.356  INFO 23436 --- [restartedMain] .e.DevToolsPropertyDefaultsPostProcessor : Devtools property defaults active! Set 'spring.devtools.add-properties' to 'false' to disable
2021-09-28 00:24:34.356  INFO 23436 --- [restartedMain] .e.DevToolsPropertyDefaultsPostProcessor : For additional web related logging consider setting the 'logging.level.web' property to 'DEBUG'
2021-09-28 00:24:35.051  INFO 23436 --- [restartedMain] .s.d.r.c.RepositoryConfigurationDelegate : Bootstrapping Spring Data JPA repositories in DEFAULT mode.
2021-09-28 00:24:35.065  INFO 23436 --- [restartedMain] .s.d.r.c.RepositoryConfigurationDelegate : Finished Spring Data repository scanning in 3 ms. Found 0 JPA repository interfaces.
2021-09-28 00:24:35.635  INFO 23436 --- [restartedMain] o.s.b.w.embedded.tomcat.TomcatWebServer  : Tomcat initialized with port(s): 8080 (http)
2021-09-28 00:24:35.646  INFO 23436 --- [restartedMain] o.apache.catalina.core.StandardService   : Starting service [Tomcat]
2021-09-28 00:24:35.646  INFO 23436 --- [restartedMain] org.apache.catalina.core.StandardEngine  : Starting Servlet engine: [Apache Tomcat/9.0.53]
2021-09-28 00:24:35.730  INFO 23436 --- [restartedMain] o.a.c.c.C.[.[localhost].[/SpringMVC]     : Initializing Spring embedded WebApplicationContext
2021-09-28 00:24:35.731  INFO 23436 --- [restartedMain] w.s.c.ServletWebServerApplicationContext : Root WebApplicationContext: initialization completed in 1374 ms
2021-09-28 00:24:35.896  INFO 23436 --- [restartedMain] o.hibernate.jpa.internal.util.LogHelper  : HHH000204: Processing PersistenceUnitInfo [name: default]
2021-09-28 00:24:35.954  INFO 23436 --- [restartedMain] org.hibernate.Version                    : HHH000412: Hibernate ORM core version 5.4.32.Final
2021-09-28 00:24:36.126  INFO 23436 --- [restartedMain] o.hibernate.annotations.common.Version   : HCANN000001: Hibernate Commons Annotations {5.1.2.Final}
2021-09-28 00:24:36.224  INFO 23436 --- [restartedMain] com.zaxxer.hikari.HikariDataSource       : HikariPool-1 - Starting...
2021-09-28 00:24:36.388  INFO 23436 --- [restartedMain] com.zaxxer.hikari.HikariDataSource       : HikariPool-1 - Start completed.
2021-09-28 00:24:36.405  INFO 23436 --- [restartedMain] org.hibernate.dialect.Dialect            : HHH000400: Using dialect: org.hibernate.dialect.MySQL5Dialect
2021-09-28 00:24:36.652  INFO 23436 --- [restartedMain] o.h.e.t.j.p.i.JtaPlatformInitiator       : HHH000490: Using JtaPlatform implementation: [org.hibernate.engine.transaction.jta.platform.internal.NoJtaPlatform]
2021-09-28 00:24:36.660  INFO 23436 --- [restartedMain] j.LocalContainerEntityManagerFactoryBean : Initialized JPA EntityManagerFactory for persistence unit 'default'
2021-09-28 00:24:36.698  WARN 23436 --- [restartedMain] JpaBaseConfiguration$JpaWebConfiguration : spring.jpa.open-in-view is enabled by default. Therefore, database queries may be performed during view rendering. Explicitly configure spring.jpa.open-in-view to disable this warning
2021-09-28 00:24:37.063  INFO 23436 --- [restartedMain] o.s.b.d.a.OptionalLiveReloadServer       : LiveReload server is running on port 35729
2021-09-28 00:24:37.115  INFO 23436 --- [restartedMain] o.s.b.w.embedded.tomcat.TomcatWebServer  : Tomcat started on port(s): 8080 (http) with context path '/SpringMVC'
2021-09-28 00:24:37.126  INFO 23436 --- [restartedMain] com.example.pi.ProjetPi1Application      : Started ProjetPi1Application in 3.232 seconds (JVM running for 4.235)
2021-09-28 00:24:59.516  INFO 23436 --- [http-nio-8080-exec-1] o.a.c.c.C.[.[localhost].[/SpringMVC]     : Initializing Spring DispatcherServlet 'dispatcherServlet'
2021-09-28 00:24:59.516  INFO 23436 --- [http-nio-8080-exec-1] o.s.web.servlet.DispatcherServlet        : Initializing Servlet 'dispatcherServlet'
2021-09-28 00:24:59.518  INFO 23436 --- [http-nio-8080-exec-1] o.s.web.servlet.DispatcherServlet        : Completed initialization in 2 ms
2021-09-28 00:27:20.175  INFO 23436 --- [RMI TCP Connection(11)-127.0.0.1] inMXBeanRegistrar$SpringApplicationAdmin : Application shutdown requested.
2021-09-28 00:27:20.203  INFO 23436 --- [RMI TCP Connection(11)-127.0.0.1] j.LocalContainerEntityManagerFactoryBean : Closing JPA EntityManagerFactory for persistence unit 'default'
2021-09-28 00:27:20.206  INFO 23436 --- [RMI TCP Connection(11)-127.0.0.1] com.zaxxer.hikari.HikariDataSource       : HikariPool-1 - Shutdown initiated...
2021-09-28 00:27:20.214  INFO 23436 --- [RMI TCP Connection(11)-127.0.0.1] com.zaxxer.hikari.HikariDataSource       : HikariPool-1 - Shutdown completed.
2021-09-28 00:27:35.208  INFO 21452 --- [restartedMain] com.example.pi.ProjetPi1Application      : Starting ProjetPi1Application using Java 15 on LAPTOP-5P2CV3C9 with PID 21452 (C:\products\projetPI-1\target\classes started by skand in C:\products\projetPI-1)
2021-09-28 00:27:35.210  INFO 21452 --- [restartedMain] com.example.pi.ProjetPi1Application      : No active profile set, falling back to default profiles: default
2021-09-28 00:27:35.245  INFO 21452 --- [restartedMain] .e.DevToolsPropertyDefaultsPostProcessor : Devtools property defaults active! Set 'spring.devtools.add-properties' to 'false' to disable
2021-09-28 00:27:35.245  INFO 21452 --- [restartedMain] .e.DevToolsPropertyDefaultsPostProcessor : For additional web related logging consider setting the 'logging.level.web' property to 'DEBUG'
2021-09-28 00:27:35.765  INFO 21452 --- [restartedMain] .s.d.r.c.RepositoryConfigurationDelegate : Bootstrapping Spring Data JPA repositories in DEFAULT mode.
2021-09-28 00:27:35.775  INFO 21452 --- [restartedMain] .s.d.r.c.RepositoryConfigurationDelegate : Finished Spring Data repository scanning in 4 ms. Found 0 JPA repository interfaces.
2021-09-28 00:27:36.290  INFO 21452 --- [restartedMain] o.s.b.w.embedded.tomcat.TomcatWebServer  : Tomcat initialized with port(s): 8080 (http)
2021-09-28 00:27:36.301  INFO 21452 --- [restartedMain] o.apache.catalina.core.StandardService   : Starting service [Tomcat]
2021-09-28 00:27:36.302  INFO 21452 --- [restartedMain] org.apache.catalina.core.StandardEngine  : Starting Servlet engine: [Apache Tomcat/9.0.53]
2021-09-28 00:27:36.376  INFO 21452 --- [restartedMain] o.a.c.c.C.[.[localhost].[/SpringMVC]     : Initializing Spring embedded WebApplicationContext
2021-09-28 00:27:36.376  INFO 21452 --- [restartedMain] w.s.c.ServletWebServerApplicationContext : Root WebApplicationContext: initialization completed in 1131 ms
2021-09-28 00:27:36.541  INFO 21452 --- [restartedMain] o.hibernate.jpa.internal.util.LogHelper  : HHH000204: Processing PersistenceUnitInfo [name: default]
2021-09-28 00:27:36.612  INFO 21452 --- [restartedMain] org.hibernate.Version                    : HHH000412: Hibernate ORM core version 5.4.32.Final
2021-09-28 00:27:36.757  INFO 21452 --- [restartedMain] o.hibernate.annotations.common.Version   : HCANN000001: Hibernate Commons Annotations {5.1.2.Final}
2021-09-28 00:27:36.853  INFO 21452 --- [restartedMain] com.zaxxer.hikari.HikariDataSource       : HikariPool-1 - Starting...
2021-09-28 00:27:36.987  INFO 21452 --- [restartedMain] com.zaxxer.hikari.HikariDataSource       : HikariPool-1 - Start completed.
2021-09-28 00:27:37.005  INFO 21452 --- [restartedMain] org.hibernate.dialect.Dialect            : HHH000400: Using dialect: org.hibernate.dialect.MySQL5Dialect
2021-09-28 00:27:37.235  INFO 21452 --- [restartedMain] o.h.e.t.j.p.i.JtaPlatformInitiator       : HHH000490: Using JtaPlatform implementation: [org.hibernate.engine.transaction.jta.platform.internal.NoJtaPlatform]
2021-09-28 00:27:37.245  INFO 21452 --- [restartedMain] j.LocalContainerEntityManagerFactoryBean : Initialized JPA EntityManagerFactory for persistence unit 'default'
2021-09-28 00:27:37.305  WARN 21452 --- [restartedMain] JpaBaseConfiguration$JpaWebConfiguration : spring.jpa.open-in-view is enabled by default. Therefore, database queries may be performed during view rendering. Explicitly configure spring.jpa.open-in-view to disable this warning
2021-09-28 00:27:37.617  INFO 21452 --- [restartedMain] o.s.b.d.a.OptionalLiveReloadServer       : LiveReload server is running on port 35729
2021-09-28 00:27:37.665  INFO 21452 --- [restartedMain] o.s.b.w.embedded.tomcat.TomcatWebServer  : Tomcat started on port(s): 8080 (http) with context path '/SpringMVC'
2021-09-28 00:27:37.677  INFO 21452 --- [restartedMain] com.example.pi.ProjetPi1Application      : Started ProjetPi1Application in 2.876 seconds (JVM running for 3.581)
2021-09-28 00:27:46.003  INFO 21452 --- [RMI TCP Connection(7)-127.0.0.1] inMXBeanRegistrar$SpringApplicationAdmin : Application shutdown requested.
2021-09-28 00:27:46.034  INFO 21452 --- [RMI TCP Connection(7)-127.0.0.1] j.LocalContainerEntityManagerFactoryBean : Closing JPA EntityManagerFactory for persistence unit 'default'
2021-09-28 00:27:46.036  INFO 21452 --- [RMI TCP Connection(7)-127.0.0.1] com.zaxxer.hikari.HikariDataSource       : HikariPool-1 - Shutdown initiated...
2021-09-28 00:27:46.043  INFO 21452 --- [RMI TCP Connection(7)-127.0.0.1] com.zaxxer.hikari.HikariDataSource       : HikariPool-1 - Shutdown completed.
2021-09-28 00:29:36.637  INFO 24680 --- [restartedMain] com.example.pi.ProjetPi1Application      : Starting ProjetPi1Application using Java 15 on LAPTOP-5P2CV3C9 with PID 24680 (C:\products\projetPI-1\target\classes started by skand in C:\products\projetPI-1)
2021-09-28 00:29:36.639  INFO 24680 --- [restartedMain] com.example.pi.ProjetPi1Application      : No active profile set, falling back to default profiles: default
2021-09-28 00:29:36.677  INFO 24680 --- [restartedMain] .e.DevToolsPropertyDefaultsPostProcessor : Devtools property defaults active! Set 'spring.devtools.add-properties' to 'false' to disable
2021-09-28 00:29:36.678  INFO 24680 --- [restartedMain] .e.DevToolsPropertyDefaultsPostProcessor : For additional web related logging consider setting the 'logging.level.web' property to 'DEBUG'
2021-09-28 00:29:37.274  INFO 24680 --- [restartedMain] .s.d.r.c.RepositoryConfigurationDelegate : Bootstrapping Spring Data JPA repositories in DEFAULT mode.
2021-09-28 00:29:37.288  INFO 24680 --- [restartedMain] .s.d.r.c.RepositoryConfigurationDelegate : Finished Spring Data repository scanning in 5 ms. Found 0 JPA repository interfaces.
2021-09-28 00:29:37.811  INFO 24680 --- [restartedMain] o.s.b.w.embedded.tomcat.TomcatWebServer  : Tomcat initialized with port(s): 8080 (http)
2021-09-28 00:29:37.821  INFO 24680 --- [restartedMain] o.apache.catalina.core.StandardService   : Starting service [Tomcat]
2021-09-28 00:29:37.822  INFO 24680 --- [restartedMain] org.apache.catalina.core.StandardEngine  : Starting Servlet engine: [Apache Tomcat/9.0.53]
2021-09-28 00:29:37.916  INFO 24680 --- [restartedMain] o.a.c.c.C.[.[localhost].[/SpringMVC]     : Initializing Spring embedded WebApplicationContext
2021-09-28 00:29:37.917  INFO 24680 --- [restartedMain] w.s.c.ServletWebServerApplicationContext : Root WebApplicationContext: initialization completed in 1239 ms
2021-09-28 00:29:38.091  INFO 24680 --- [restartedMain] o.hibernate.jpa.internal.util.LogHelper  : HHH000204: Processing PersistenceUnitInfo [name: default]
2021-09-28 00:29:38.153  INFO 24680 --- [restartedMain] org.hibernate.Version                    : HHH000412: Hibernate ORM core version 5.4.32.Final
2021-09-28 00:29:38.310  INFO 24680 --- [restartedMain] o.hibernate.annotations.common.Version   : HCANN000001: Hibernate Commons Annotations {5.1.2.Final}
2021-09-28 00:29:38.410  INFO 24680 --- [restartedMain] com.zaxxer.hikari.HikariDataSource       : HikariPool-1 - Starting...
2021-09-28 00:29:38.573  INFO 24680 --- [restartedMain] com.zaxxer.hikari.HikariDataSource       : HikariPool-1 - Start completed.
2021-09-28 00:29:38.592  INFO 24680 --- [restartedMain] org.hibernate.dialect.Dialect            : HHH000400: Using dialect: org.hibernate.dialect.MySQL5Dialect
2021-09-28 00:29:38.824  INFO 24680 --- [restartedMain] o.h.e.t.j.p.i.JtaPlatformInitiator       : HHH000490: Using JtaPlatform implementation: [org.hibernate.engine.transaction.jta.platform.internal.NoJtaPlatform]
2021-09-28 00:29:38.834  INFO 24680 --- [restartedMain] j.LocalContainerEntityManagerFactoryBean : Initialized JPA EntityManagerFactory for persistence unit 'default'
2021-09-28 00:29:38.881  WARN 24680 --- [restartedMain] JpaBaseConfiguration$JpaWebConfiguration : spring.jpa.open-in-view is enabled by default. Therefore, database queries may be performed during view rendering. Explicitly configure spring.jpa.open-in-view to disable this warning
2021-09-28 00:29:39.155  INFO 24680 --- [restartedMain] o.s.b.d.a.OptionalLiveReloadServer       : LiveReload server is running on port 35729
2021-09-28 00:29:39.200  INFO 24680 --- [restartedMain] o.s.b.w.embedded.tomcat.TomcatWebServer  : Tomcat started on port(s): 8080 (http) with context path '/SpringMVC'
2021-09-28 00:29:39.209  INFO 24680 --- [restartedMain] com.example.pi.ProjetPi1Application      : Started ProjetPi1Application in 2.957 seconds (JVM running for 3.762)
2021-09-28 00:31:31.161  INFO 24680 --- [Thread-5] j.LocalContainerEntityManagerFactoryBean : Closing JPA EntityManagerFactory for persistence unit 'default'
2021-09-28 00:31:31.166  INFO 24680 --- [Thread-5] com.zaxxer.hikari.HikariDataSource       : HikariPool-1 - Shutdown initiated...
2021-09-28 00:31:31.176  INFO 24680 --- [Thread-5] com.zaxxer.hikari.HikariDataSource       : HikariPool-1 - Shutdown completed.
2021-09-28 00:31:31.264  INFO 24680 --- [restartedMain] com.example.pi.ProjetPi1Application      : Starting ProjetPi1Application using Java 15 on LAPTOP-5P2CV3C9 with PID 24680 (C:\products\projetPI-1\target\classes started by skand in C:\products\projetPI-1)
2021-09-28 00:31:31.264  INFO 24680 --- [restartedMain] com.example.pi.ProjetPi1Application      : No active profile set, falling back to default profiles: default
2021-09-28 00:31:31.483  INFO 24680 --- [restartedMain] .s.d.r.c.RepositoryConfigurationDelegate : Bootstrapping Spring Data JPA repositories in DEFAULT mode.
2021-09-28 00:31:31.485  INFO 24680 --- [restartedMain] .s.d.r.c.RepositoryConfigurationDelegate : Finished Spring Data repository scanning in 1 ms. Found 0 JPA repository interfaces.
2021-09-28 00:31:31.620  INFO 24680 --- [restartedMain] o.s.b.w.embedded.tomcat.TomcatWebServer  : Tomcat initialized with port(s): 8080 (http)
2021-09-28 00:31:31.621  INFO 24680 --- [restartedMain] o.apache.catalina.core.StandardService   : Starting service [Tomcat]
2021-09-28 00:31:31.621  INFO 24680 --- [restartedMain] org.apache.catalina.core.StandardEngine  : Starting Servlet engine: [Apache Tomcat/9.0.53]
2021-09-28 00:31:31.649  INFO 24680 --- [restartedMain] o.a.c.c.C.[.[localhost].[/SpringMVC]     : Initializing Spring embedded WebApplicationContext
2021-09-28 00:31:31.649  INFO 24680 --- [restartedMain] w.s.c.ServletWebServerApplicationContext : Root WebApplicationContext: initialization completed in 382 ms
2021-09-28 00:31:31.696  INFO 24680 --- [restartedMain] o.hibernate.jpa.internal.util.LogHelper  : HHH000204: Processing PersistenceUnitInfo [name: default]
2021-09-28 00:31:31.700  INFO 24680 --- [restartedMain] com.zaxxer.hikari.HikariDataSource       : HikariPool-2 - Starting...
2021-09-28 00:31:31.707  INFO 24680 --- [restartedMain] com.zaxxer.hikari.HikariDataSource       : HikariPool-2 - Start completed.
2021-09-28 00:31:31.708  INFO 24680 --- [restartedMain] org.hibernate.dialect.Dialect            : HHH000400: Using dialect: org.hibernate.dialect.MySQL5Dialect
2021-09-28 00:31:31.731  INFO 24680 --- [restartedMain] o.h.e.t.j.p.i.JtaPlatformInitiator       : HHH000490: Using JtaPlatform implementation: [org.hibernate.engine.transaction.jta.platform.internal.NoJtaPlatform]
2021-09-28 00:31:31.731  INFO 24680 --- [restartedMain] j.LocalContainerEntityManagerFactoryBean : Initialized JPA EntityManagerFactory for persistence unit 'default'
2021-09-28 00:31:31.757  WARN 24680 --- [restartedMain] JpaBaseConfiguration$JpaWebConfiguration : spring.jpa.open-in-view is enabled by default. Therefore, database queries may be performed during view rendering. Explicitly configure spring.jpa.open-in-view to disable this warning
2021-09-28 00:31:31.896  INFO 24680 --- [restartedMain] o.s.b.d.a.OptionalLiveReloadServer       : LiveReload server is running on port 35729
2021-09-28 00:31:31.907  INFO 24680 --- [restartedMain] o.s.b.w.embedded.tomcat.TomcatWebServer  : Tomcat started on port(s): 8080 (http) with context path '/SpringMVC'
2021-09-28 00:31:31.913  INFO 24680 --- [restartedMain] com.example.pi.ProjetPi1Application      : Started ProjetPi1Application in 0.698 seconds (JVM running for 116.465)
2021-09-28 00:31:31.916  INFO 24680 --- [restartedMain] .ConditionEvaluationDeltaLoggingListener : Condition evaluation unchanged
2021-09-28 00:32:44.290  INFO 24680 --- [Thread-7] j.LocalContainerEntityManagerFactoryBean : Closing JPA EntityManagerFactory for persistence unit 'default'
2021-09-28 00:32:44.291  INFO 24680 --- [Thread-7] com.zaxxer.hikari.HikariDataSource       : HikariPool-2 - Shutdown initiated...
2021-09-28 00:32:44.293  INFO 24680 --- [Thread-7] com.zaxxer.hikari.HikariDataSource       : HikariPool-2 - Shutdown completed.
2021-09-28 00:32:44.371  INFO 24680 --- [restartedMain] com.example.pi.ProjetPi1Application      : Starting ProjetPi1Application using Java 15 on LAPTOP-5P2CV3C9 with PID 24680 (C:\products\projetPI-1\target\classes started by skand in C:\products\projetPI-1)
2021-09-28 00:32:44.371  INFO 24680 --- [restartedMain] com.example.pi.ProjetPi1Application      : No active profile set, falling back to default profiles: default
2021-09-28 00:32:44.538  INFO 24680 --- [restartedMain] .s.d.r.c.RepositoryConfigurationDelegate : Bootstrapping Spring Data JPA repositories in DEFAULT mode.
2021-09-28 00:32:44.539  INFO 24680 --- [restartedMain] .s.d.r.c.RepositoryConfigurationDelegate : Finished Spring Data repository scanning in 0 ms. Found 0 JPA repository interfaces.
2021-09-28 00:32:44.610  INFO 24680 --- [restartedMain] o.s.b.w.embedded.tomcat.TomcatWebServer  : Tomcat initialized with port(s): 8080 (http)
2021-09-28 00:32:44.611  INFO 24680 --- [restartedMain] o.apache.catalina.core.StandardService   : Starting service [Tomcat]
2021-09-28 00:32:44.611  INFO 24680 --- [restartedMain] org.apache.catalina.core.StandardEngine  : Starting Servlet engine: [Apache Tomcat/9.0.53]
2021-09-28 00:32:44.631  INFO 24680 --- [restartedMain] o.a.c.c.C.[.[localhost].[/SpringMVC]     : Initializing Spring embedded WebApplicationContext
2021-09-28 00:32:44.631  INFO 24680 --- [restartedMain] w.s.c.ServletWebServerApplicationContext : Root WebApplicationContext: initialization completed in 256 ms
2021-09-28 00:32:44.661  INFO 24680 --- [restartedMain] o.hibernate.jpa.internal.util.LogHelper  : HHH000204: Processing PersistenceUnitInfo [name: default]
2021-09-28 00:32:44.666  INFO 24680 --- [restartedMain] com.zaxxer.hikari.HikariDataSource       : HikariPool-3 - Starting...
2021-09-28 00:32:44.670  INFO 24680 --- [restartedMain] com.zaxxer.hikari.HikariDataSource       : HikariPool-3 - Start completed.
2021-09-28 00:32:44.671  INFO 24680 --- [restartedMain] org.hibernate.dialect.Dialect            : HHH000400: Using dialect: org.hibernate.dialect.MySQL5Dialect
2021-09-28 00:32:44.684  INFO 24680 --- [restartedMain] o.h.e.t.j.p.i.JtaPlatformInitiator       : HHH000490: Using JtaPlatform implementation: [org.hibernate.engine.transaction.jta.platform.internal.NoJtaPlatform]
2021-09-28 00:32:44.684  INFO 24680 --- [restartedMain] j.LocalContainerEntityManagerFactoryBean : Initialized JPA EntityManagerFactory for persistence unit 'default'
2021-09-28 00:32:44.699  WARN 24680 --- [restartedMain] JpaBaseConfiguration$JpaWebConfiguration : spring.jpa.open-in-view is enabled by default. Therefore, database queries may be performed during view rendering. Explicitly configure spring.jpa.open-in-view to disable this warning
2021-09-28 00:32:44.787  INFO 24680 --- [restartedMain] o.s.b.d.a.OptionalLiveReloadServer       : LiveReload server is running on port 35729
2021-09-28 00:32:44.797  INFO 24680 --- [restartedMain] o.s.b.w.embedded.tomcat.TomcatWebServer  : Tomcat started on port(s): 8080 (http) with context path '/SpringMVC'
2021-09-28 00:32:44.802  INFO 24680 --- [restartedMain] com.example.pi.ProjetPi1Application      : Started ProjetPi1Application in 0.474 seconds (JVM running for 189.354)
2021-09-28 00:32:44.803  INFO 24680 --- [restartedMain] .ConditionEvaluationDeltaLoggingListener : Condition evaluation unchanged
2021-09-28 00:32:49.298  INFO 24680 --- [Thread-11] j.LocalContainerEntityManagerFactoryBean : Closing JPA EntityManagerFactory for persistence unit 'default'
2021-09-28 00:32:49.299  INFO 24680 --- [Thread-11] com.zaxxer.hikari.HikariDataSource       : HikariPool-3 - Shutdown initiated...
2021-09-28 00:32:49.300  INFO 24680 --- [Thread-11] com.zaxxer.hikari.HikariDataSource       : HikariPool-3 - Shutdown completed.
2021-09-28 00:32:49.371  INFO 24680 --- [restartedMain] com.example.pi.ProjetPi1Application      : Starting ProjetPi1Application using Java 15 on LAPTOP-5P2CV3C9 with PID 24680 (C:\products\projetPI-1\target\classes started by skand in C:\products\projetPI-1)
2021-09-28 00:32:49.371  INFO 24680 --- [restartedMain] com.example.pi.ProjetPi1Application      : No active profile set, falling back to default profiles: default
2021-09-28 00:32:49.511  INFO 24680 --- [restartedMain] .s.d.r.c.RepositoryConfigurationDelegate : Bootstrapping Spring Data JPA repositories in DEFAULT mode.
2021-09-28 00:32:49.512  INFO 24680 --- [restartedMain] .s.d.r.c.RepositoryConfigurationDelegate : Finished Spring Data repository scanning in 0 ms. Found 0 JPA repository interfaces.
2021-09-28 00:32:49.577  INFO 24680 --- [restartedMain] o.s.b.w.embedded.tomcat.TomcatWebServer  : Tomcat initialized with port(s): 8080 (http)
2021-09-28 00:32:49.578  INFO 24680 --- [restartedMain] o.apache.catalina.core.StandardService   : Starting service [Tomcat]
2021-09-28 00:32:49.578  INFO 24680 --- [restartedMain] org.apache.catalina.core.StandardEngine  : Starting Servlet engine: [Apache Tomcat/9.0.53]
2021-09-28 00:32:49.596  INFO 24680 --- [restartedMain] o.a.c.c.C.[.[localhost].[/SpringMVC]     : Initializing Spring embedded WebApplicationContext
2021-09-28 00:32:49.596  INFO 24680 --- [restartedMain] w.s.c.ServletWebServerApplicationContext : Root WebApplicationContext: initialization completed in 223 ms
2021-09-28 00:32:49.622  INFO 24680 --- [restartedMain] o.hibernate.jpa.internal.util.LogHelper  : HHH000204: Processing PersistenceUnitInfo [name: default]
2021-09-28 00:32:49.627  INFO 24680 --- [restartedMain] com.zaxxer.hikari.HikariDataSource       : HikariPool-4 - Starting...
2021-09-28 00:32:49.632  INFO 24680 --- [restartedMain] com.zaxxer.hikari.HikariDataSource       : HikariPool-4 - Start completed.
2021-09-28 00:32:49.633  INFO 24680 --- [restartedMain] org.hibernate.dialect.Dialect            : HHH000400: Using dialect: org.hibernate.dialect.MySQL5Dialect
2021-09-28 00:32:49.647  INFO 24680 --- [restartedMain] o.h.e.t.j.p.i.JtaPlatformInitiator       : HHH000490: Using JtaPlatform implementation: [org.hibernate.engine.transaction.jta.platform.internal.NoJtaPlatform]
2021-09-28 00:32:49.647  INFO 24680 --- [restartedMain] j.LocalContainerEntityManagerFactoryBean : Initialized JPA EntityManagerFactory for persistence unit 'default'
2021-09-28 00:32:49.661  WARN 24680 --- [restartedMain] JpaBaseConfiguration$JpaWebConfiguration : spring.jpa.open-in-view is enabled by default. Therefore, database queries may be performed during view rendering. Explicitly configure spring.jpa.open-in-view to disable this warning
2021-09-28 00:32:49.723  INFO 24680 --- [restartedMain] o.s.b.d.a.OptionalLiveReloadServer       : LiveReload server is running on port 35729
2021-09-28 00:32:49.730  INFO 24680 --- [restartedMain] o.s.b.w.embedded.tomcat.TomcatWebServer  : Tomcat started on port(s): 8080 (http) with context path '/SpringMVC'
2021-09-28 00:32:49.736  INFO 24680 --- [restartedMain] com.example.pi.ProjetPi1Application      : Started ProjetPi1Application in 0.401 seconds (JVM running for 194.287)
2021-09-28 00:32:49.737  INFO 24680 --- [restartedMain] .ConditionEvaluationDeltaLoggingListener : Condition evaluation unchanged
2021-09-28 00:33:48.038  INFO 24680 --- [Thread-15] j.LocalContainerEntityManagerFactoryBean : Closing JPA EntityManagerFactory for persistence unit 'default'
2021-09-28 00:33:48.038  INFO 24680 --- [Thread-15] com.zaxxer.hikari.HikariDataSource       : HikariPool-4 - Shutdown initiated...
2021-09-28 00:33:48.039  INFO 24680 --- [Thread-15] com.zaxxer.hikari.HikariDataSource       : HikariPool-4 - Shutdown completed.
2021-09-28 00:33:48.093  INFO 24680 --- [restartedMain] com.example.pi.ProjetPi1Application      : Starting ProjetPi1Application using Java 15 on LAPTOP-5P2CV3C9 with PID 24680 (C:\products\projetPI-1\target\classes started by skand in C:\products\projetPI-1)
2021-09-28 00:33:48.093  INFO 24680 --- [restartedMain] com.example.pi.ProjetPi1Application      : No active profile set, falling back to default profiles: default
2021-09-28 00:33:48.199  INFO 24680 --- [restartedMain] .s.d.r.c.RepositoryConfigurationDelegate : Bootstrapping Spring Data JPA repositories in DEFAULT mode.
2021-09-28 00:33:48.200  INFO 24680 --- [restartedMain] .s.d.r.c.RepositoryConfigurationDelegate : Finished Spring Data repository scanning in 0 ms. Found 0 JPA repository interfaces.
2021-09-28 00:33:48.256  INFO 24680 --- [restartedMain] o.s.b.w.embedded.tomcat.TomcatWebServer  : Tomcat initialized with port(s): 8080 (http)
2021-09-28 00:33:48.257  INFO 24680 --- [restartedMain] o.apache.catalina.core.StandardService   : Starting service [Tomcat]
2021-09-28 00:33:48.257  INFO 24680 --- [restartedMain] org.apache.catalina.core.StandardEngine  : Starting Servlet engine: [Apache Tomcat/9.0.53]
2021-09-28 00:33:48.272  INFO 24680 --- [restartedMain] o.a.c.c.C.[.[localhost].[/SpringMVC]     : Initializing Spring embedded WebApplicationContext
2021-09-28 00:33:48.272  INFO 24680 --- [restartedMain] w.s.c.ServletWebServerApplicationContext : Root WebApplicationContext: initialization completed in 177 ms
2021-09-28 00:33:48.296  INFO 24680 --- [restartedMain] o.hibernate.jpa.internal.util.LogHelper  : HHH000204: Processing PersistenceUnitInfo [name: default]
2021-09-28 00:33:48.300  INFO 24680 --- [restartedMain] com.zaxxer.hikari.HikariDataSource       : HikariPool-5 - Starting...
2021-09-28 00:33:48.303  INFO 24680 --- [restartedMain] com.zaxxer.hikari.HikariDataSource       : HikariPool-5 - Start completed.
2021-09-28 00:33:48.304  INFO 24680 --- [restartedMain] org.hibernate.dialect.Dialect            : HHH000400: Using dialect: org.hibernate.dialect.MySQL5Dialect
2021-09-28 00:33:48.318  INFO 24680 --- [restartedMain] o.h.e.t.j.p.i.JtaPlatformInitiator       : HHH000490: Using JtaPlatform implementation: [org.hibernate.engine.transaction.jta.platform.internal.NoJtaPlatform]
2021-09-28 00:33:48.318  INFO 24680 --- [restartedMain] j.LocalContainerEntityManagerFactoryBean : Initialized JPA EntityManagerFactory for persistence unit 'default'
2021-09-28 00:33:48.332  WARN 24680 --- [restartedMain] JpaBaseConfiguration$JpaWebConfiguration : spring.jpa.open-in-view is enabled by default. Therefore, database queries may be performed during view rendering. Explicitly configure spring.jpa.open-in-view to disable this warning
2021-09-28 00:33:48.426  INFO 24680 --- [restartedMain] o.s.b.d.a.OptionalLiveReloadServer       : LiveReload server is running on port 35729
2021-09-28 00:33:48.441  INFO 24680 --- [restartedMain] o.s.b.w.embedded.tomcat.TomcatWebServer  : Tomcat started on port(s): 8080 (http) with context path '/SpringMVC'
2021-09-28 00:33:48.447  INFO 24680 --- [restartedMain] com.example.pi.ProjetPi1Application      : Started ProjetPi1Application in 0.379 seconds (JVM running for 252.998)
2021-09-28 00:33:48.449  INFO 24680 --- [restartedMain] .ConditionEvaluationDeltaLoggingListener : Condition evaluation unchanged
2021-09-28 00:33:52.923  INFO 24680 --- [Thread-19] j.LocalContainerEntityManagerFactoryBean : Closing JPA EntityManagerFactory for persistence unit 'default'
2021-09-28 00:33:52.923  INFO 24680 --- [Thread-19] com.zaxxer.hikari.HikariDataSource       : HikariPool-5 - Shutdown initiated...
2021-09-28 00:33:52.924  INFO 24680 --- [Thread-19] com.zaxxer.hikari.HikariDataSource       : HikariPool-5 - Shutdown completed.
2021-09-28 00:33:52.971  INFO 24680 --- [restartedMain] com.example.pi.ProjetPi1Application      : Starting ProjetPi1Application using Java 15 on LAPTOP-5P2CV3C9 with PID 24680 (C:\products\projetPI-1\target\classes started by skand in C:\products\projetPI-1)
2021-09-28 00:33:52.971  INFO 24680 --- [restartedMain] com.example.pi.ProjetPi1Application      : No active profile set, falling back to default profiles: default
2021-09-28 00:33:53.082  INFO 24680 --- [restartedMain] .s.d.r.c.RepositoryConfigurationDelegate : Bootstrapping Spring Data JPA repositories in DEFAULT mode.
2021-09-28 00:33:53.083  INFO 24680 --- [restartedMain] .s.d.r.c.RepositoryConfigurationDelegate : Finished Spring Data repository scanning in 0 ms. Found 0 JPA repository interfaces.
2021-09-28 00:33:53.175  INFO 24680 --- [restartedMain] o.s.b.w.embedded.tomcat.TomcatWebServer  : Tomcat initialized with port(s): 8080 (http)
2021-09-28 00:33:53.176  INFO 24680 --- [restartedMain] o.apache.catalina.core.StandardService   : Starting service [Tomcat]
2021-09-28 00:33:53.176  INFO 24680 --- [restartedMain] org.apache.catalina.core.StandardEngine  : Starting Servlet engine: [Apache Tomcat/9.0.53]
2021-09-28 00:33:53.203  INFO 24680 --- [restartedMain] o.a.c.c.C.[.[localhost].[/SpringMVC]     : Initializing Spring embedded WebApplicationContext
2021-09-28 00:33:53.203  INFO 24680 --- [restartedMain] w.s.c.ServletWebServerApplicationContext : Root WebApplicationContext: initialization completed in 230 ms
2021-09-28 00:33:53.245  INFO 24680 --- [restartedMain] o.hibernate.jpa.internal.util.LogHelper  : HHH000204: Processing PersistenceUnitInfo [name: default]
2021-09-28 00:33:53.252  INFO 24680 --- [restartedMain] com.zaxxer.hikari.HikariDataSource       : HikariPool-6 - Starting...
2021-09-28 00:33:53.255  INFO 24680 --- [restartedMain] com.zaxxer.hikari.HikariDataSource       : HikariPool-6 - Start completed.
2021-09-28 00:33:53.256  INFO 24680 --- [restartedMain] org.hibernate.dialect.Dialect            : HHH000400: Using dialect: org.hibernate.dialect.MySQL5Dialect
2021-09-28 00:33:53.267  INFO 24680 --- [restartedMain] o.h.e.t.j.p.i.JtaPlatformInitiator       : HHH000490: Using JtaPlatform implementation: [org.hibernate.engine.transaction.jta.platform.internal.NoJtaPlatform]
2021-09-28 00:33:53.267  INFO 24680 --- [restartedMain] j.LocalContainerEntityManagerFactoryBean : Initialized JPA EntityManagerFactory for persistence unit 'default'
2021-09-28 00:33:53.285  WARN 24680 --- [restartedMain] JpaBaseConfiguration$JpaWebConfiguration : spring.jpa.open-in-view is enabled by default. Therefore, database queries may be performed during view rendering. Explicitly configure spring.jpa.open-in-view to disable this warning
2021-09-28 00:33:53.368  INFO 24680 --- [restartedMain] o.s.b.d.a.OptionalLiveReloadServer       : LiveReload server is running on port 35729
2021-09-28 00:33:53.375  INFO 24680 --- [restartedMain] o.s.b.w.embedded.tomcat.TomcatWebServer  : Tomcat started on port(s): 8080 (http) with context path '/SpringMVC'
2021-09-28 00:33:53.380  INFO 24680 --- [restartedMain] com.example.pi.ProjetPi1Application      : Started ProjetPi1Application in 0.429 seconds (JVM running for 257.932)
2021-09-28 00:33:53.382  INFO 24680 --- [restartedMain] .ConditionEvaluationDeltaLoggingListener : Condition evaluation unchanged
2021-09-28 00:34:03.510  INFO 24680 --- [RMI TCP Connection(21)-127.0.0.1] inMXBeanRegistrar$SpringApplicationAdmin : Application shutdown requested.
2021-09-28 00:34:03.534  INFO 24680 --- [RMI TCP Connection(21)-127.0.0.1] j.LocalContainerEntityManagerFactoryBean : Closing JPA EntityManagerFactory for persistence unit 'default'
2021-09-28 00:34:03.534  INFO 24680 --- [RMI TCP Connection(21)-127.0.0.1] com.zaxxer.hikari.HikariDataSource       : HikariPool-6 - Shutdown initiated...
2021-09-28 00:34:03.537  INFO 24680 --- [RMI TCP Connection(21)-127.0.0.1] com.zaxxer.hikari.HikariDataSource       : HikariPool-6 - Shutdown completed.
2021-09-28 00:35:59.747  INFO 21192 --- [restartedMain] com.example.pi.ProjetPi1Application      : Starting ProjetPi1Application using Java 15 on LAPTOP-5P2CV3C9 with PID 21192 (C:\products\projetPI-1\target\classes started by skand in C:\products\projetPI-1)
2021-09-28 00:35:59.748  INFO 21192 --- [restartedMain] com.example.pi.ProjetPi1Application      : No active profile set, falling back to default profiles: default
2021-09-28 00:35:59.783  INFO 21192 --- [restartedMain] .e.DevToolsPropertyDefaultsPostProcessor : Devtools property defaults active! Set 'spring.devtools.add-properties' to 'false' to disable
2021-09-28 00:35:59.783  INFO 21192 --- [restartedMain] .e.DevToolsPropertyDefaultsPostProcessor : For additional web related logging consider setting the 'logging.level.web' property to 'DEBUG'
2021-09-28 00:36:00.267  INFO 21192 --- [restartedMain] .s.d.r.c.RepositoryConfigurationDelegate : Bootstrapping Spring Data JPA repositories in DEFAULT mode.
2021-09-28 00:36:00.277  INFO 21192 --- [restartedMain] .s.d.r.c.RepositoryConfigurationDelegate : Finished Spring Data repository scanning in 3 ms. Found 0 JPA repository interfaces.
2021-09-28 00:36:00.765  INFO 21192 --- [restartedMain] o.s.b.w.embedded.tomcat.TomcatWebServer  : Tomcat initialized with port(s): 8080 (http)
2021-09-28 00:36:00.776  INFO 21192 --- [restartedMain] o.apache.catalina.core.StandardService   : Starting service [Tomcat]
2021-09-28 00:36:00.777  INFO 21192 --- [restartedMain] org.apache.catalina.core.StandardEngine  : Starting Servlet engine: [Apache Tomcat/9.0.53]
2021-09-28 00:36:00.857  INFO 21192 --- [restartedMain] o.a.c.c.C.[.[localhost].[/SpringMVC]     : Initializing Spring embedded WebApplicationContext
2021-09-28 00:36:00.858  INFO 21192 --- [restartedMain] w.s.c.ServletWebServerApplicationContext : Root WebApplicationContext: initialization completed in 1075 ms
2021-09-28 00:36:00.996  INFO 21192 --- [restartedMain] o.hibernate.jpa.internal.util.LogHelper  : HHH000204: Processing PersistenceUnitInfo [name: default]
2021-09-28 00:36:01.054  INFO 21192 --- [restartedMain] org.hibernate.Version                    : HHH000412: Hibernate ORM core version 5.4.32.Final
2021-09-28 00:36:01.221  INFO 21192 --- [restartedMain] o.hibernate.annotations.common.Version   : HCANN000001: Hibernate Commons Annotations {5.1.2.Final}
2021-09-28 00:36:01.314  INFO 21192 --- [restartedMain] com.zaxxer.hikari.HikariDataSource       : HikariPool-1 - Starting...
2021-09-28 00:36:01.447  INFO 21192 --- [restartedMain] com.zaxxer.hikari.HikariDataSource       : HikariPool-1 - Start completed.
2021-09-28 00:36:01.469  INFO 21192 --- [restartedMain] org.hibernate.dialect.Dialect            : HHH000400: Using dialect: org.hibernate.dialect.MySQL5Dialect
2021-09-28 00:36:01.692  INFO 21192 --- [restartedMain] o.h.e.t.j.p.i.JtaPlatformInitiator       : HHH000490: Using JtaPlatform implementation: [org.hibernate.engine.transaction.jta.platform.internal.NoJtaPlatform]
2021-09-28 00:36:01.699  INFO 21192 --- [restartedMain] j.LocalContainerEntityManagerFactoryBean : Initialized JPA EntityManagerFactory for persistence unit 'default'
2021-09-28 00:36:01.736  WARN 21192 --- [restartedMain] JpaBaseConfiguration$JpaWebConfiguration : spring.jpa.open-in-view is enabled by default. Therefore, database queries may be performed during view rendering. Explicitly configure spring.jpa.open-in-view to disable this warning
2021-09-28 00:36:02.011  INFO 21192 --- [restartedMain] o.s.b.d.a.OptionalLiveReloadServer       : LiveReload server is running on port 35729
2021-09-28 00:36:02.049  INFO 21192 --- [restartedMain] o.s.b.w.embedded.tomcat.TomcatWebServer  : Tomcat started on port(s): 8080 (http) with context path '/SpringMVC'
2021-09-28 00:36:02.057  INFO 21192 --- [restartedMain] com.example.pi.ProjetPi1Application      : Started ProjetPi1Application in 2.682 seconds (JVM running for 3.41)
2021-09-28 00:40:50.000  INFO 21192 --- [Thread-5] j.LocalContainerEntityManagerFactoryBean : Closing JPA EntityManagerFactory for persistence unit 'default'
2021-09-28 00:40:50.007  INFO 21192 --- [Thread-5] com.zaxxer.hikari.HikariDataSource       : HikariPool-1 - Shutdown initiated...
2021-09-28 00:40:50.016  INFO 21192 --- [Thread-5] com.zaxxer.hikari.HikariDataSource       : HikariPool-1 - Shutdown completed.
2021-09-28 00:40:50.085  INFO 21192 --- [restartedMain] com.example.pi.ProjetPi1Application      : Starting ProjetPi1Application using Java 15 on LAPTOP-5P2CV3C9 with PID 21192 (C:\products\projetPI-1\target\classes started by skand in C:\products\projetPI-1)
2021-09-28 00:40:50.085  INFO 21192 --- [restartedMain] com.example.pi.ProjetPi1Application      : No active profile set, falling back to default profiles: default
2021-09-28 00:40:50.249  INFO 21192 --- [restartedMain] .s.d.r.c.RepositoryConfigurationDelegate : Bootstrapping Spring Data JPA repositories in DEFAULT mode.
2021-09-28 00:40:50.250  INFO 21192 --- [restartedMain] .s.d.r.c.RepositoryConfigurationDelegate : Finished Spring Data repository scanning in 0 ms. Found 0 JPA repository interfaces.
2021-09-28 00:40:50.334  INFO 21192 --- [restartedMain] o.s.b.w.embedded.tomcat.TomcatWebServer  : Tomcat initialized with port(s): 8080 (http)
2021-09-28 00:40:50.335  INFO 21192 --- [restartedMain] o.apache.catalina.core.StandardService   : Starting service [Tomcat]
2021-09-28 00:40:50.335  INFO 21192 --- [restartedMain] org.apache.catalina.core.StandardEngine  : Starting Servlet engine: [Apache Tomcat/9.0.53]
2021-09-28 00:40:50.350  INFO 21192 --- [restartedMain] o.a.c.c.C.[.[localhost].[/SpringMVC]     : Initializing Spring embedded WebApplicationContext
2021-09-28 00:40:50.351  INFO 21192 --- [restartedMain] w.s.c.ServletWebServerApplicationContext : Root WebApplicationContext: initialization completed in 263 ms
2021-09-28 00:40:50.373  INFO 21192 --- [restartedMain] o.hibernate.jpa.internal.util.LogHelper  : HHH000204: Processing PersistenceUnitInfo [name: default]
2021-09-28 00:40:50.377  INFO 21192 --- [restartedMain] com.zaxxer.hikari.HikariDataSource       : HikariPool-2 - Starting...
2021-09-28 00:40:50.383  INFO 21192 --- [restartedMain] com.zaxxer.hikari.HikariDataSource       : HikariPool-2 - Start completed.
2021-09-28 00:40:50.384  INFO 21192 --- [restartedMain] org.hibernate.dialect.Dialect            : HHH000400: Using dialect: org.hibernate.dialect.MySQL5Dialect
2021-09-28 00:40:50.395  INFO 21192 --- [restartedMain] o.h.e.t.j.p.i.JtaPlatformInitiator       : HHH000490: Using JtaPlatform implementation: [org.hibernate.engine.transaction.jta.platform.internal.NoJtaPlatform]
2021-09-28 00:40:50.396  INFO 21192 --- [restartedMain] j.LocalContainerEntityManagerFactoryBean : Initialized JPA EntityManagerFactory for persistence unit 'default'
2021-09-28 00:40:50.407  WARN 21192 --- [restartedMain] JpaBaseConfiguration$JpaWebConfiguration : spring.jpa.open-in-view is enabled by default. Therefore, database queries may be performed during view rendering. Explicitly configure spring.jpa.open-in-view to disable this warning
2021-09-28 00:40:50.476  INFO 21192 --- [restartedMain] o.s.b.d.a.OptionalLiveReloadServer       : LiveReload server is running on port 35729
2021-09-28 00:40:50.483  INFO 21192 --- [restartedMain] o.s.b.w.embedded.tomcat.TomcatWebServer  : Tomcat started on port(s): 8080 (http) with context path '/SpringMVC'
2021-09-28 00:40:50.488  INFO 21192 --- [restartedMain] com.example.pi.ProjetPi1Application      : Started ProjetPi1Application in 0.436 seconds (JVM running for 291.841)
2021-09-28 00:40:50.491  INFO 21192 --- [restartedMain] .ConditionEvaluationDeltaLoggingListener : Condition evaluation unchanged
2021-09-28 00:41:16.290  INFO 21192 --- [Thread-7] j.LocalContainerEntityManagerFactoryBean : Closing JPA EntityManagerFactory for persistence unit 'default'
2021-09-28 00:41:16.291  INFO 21192 --- [Thread-7] com.zaxxer.hikari.HikariDataSource       : HikariPool-2 - Shutdown initiated...
2021-09-28 00:41:16.293  INFO 21192 --- [Thread-7] com.zaxxer.hikari.HikariDataSource       : HikariPool-2 - Shutdown completed.
2021-09-28 00:41:16.367  INFO 21192 --- [restartedMain] com.example.pi.ProjetPi1Application      : Starting ProjetPi1Application using Java 15 on LAPTOP-5P2CV3C9 with PID 21192 (C:\products\projetPI-1\target\classes started by skand in C:\products\projetPI-1)
2021-09-28 00:41:16.367  INFO 21192 --- [restartedMain] com.example.pi.ProjetPi1Application      : No active profile set, falling back to default profiles: default
2021-09-28 00:41:16.492  INFO 21192 --- [restartedMain] .s.d.r.c.RepositoryConfigurationDelegate : Bootstrapping Spring Data JPA repositories in DEFAULT mode.
2021-09-28 00:41:16.494  INFO 21192 --- [restartedMain] .s.d.r.c.RepositoryConfigurationDelegate : Finished Spring Data repository scanning in 0 ms. Found 0 JPA repository interfaces.
2021-09-28 00:41:16.577  INFO 21192 --- [restartedMain] o.s.b.w.embedded.tomcat.TomcatWebServer  : Tomcat initialized with port(s): 8080 (http)
2021-09-28 00:41:16.578  INFO 21192 --- [restartedMain] o.apache.catalina.core.StandardService   : Starting service [Tomcat]
2021-09-28 00:41:16.578  INFO 21192 --- [restartedMain] org.apache.catalina.core.StandardEngine  : Starting Servlet engine: [Apache Tomcat/9.0.53]
2021-09-28 00:41:16.594  INFO 21192 --- [restartedMain] o.a.c.c.C.[.[localhost].[/SpringMVC]     : Initializing Spring embedded WebApplicationContext
2021-09-28 00:41:16.594  INFO 21192 --- [restartedMain] w.s.c.ServletWebServerApplicationContext : Root WebApplicationContext: initialization completed in 224 ms
2021-09-28 00:41:16.621  INFO 21192 --- [restartedMain] o.hibernate.jpa.internal.util.LogHelper  : HHH000204: Processing PersistenceUnitInfo [name: default]
2021-09-28 00:41:16.626  INFO 21192 --- [restartedMain] com.zaxxer.hikari.HikariDataSource       : HikariPool-3 - Starting...
2021-09-28 00:41:16.630  INFO 21192 --- [restartedMain] com.zaxxer.hikari.HikariDataSource       : HikariPool-3 - Start completed.
2021-09-28 00:41:16.631  INFO 21192 --- [restartedMain] org.hibernate.dialect.Dialect            : HHH000400: Using dialect: org.hibernate.dialect.MySQL5Dialect
2021-09-28 00:41:16.644  INFO 21192 --- [restartedMain] o.h.e.t.j.p.i.JtaPlatformInitiator       : HHH000490: Using JtaPlatform implementation: [org.hibernate.engine.transaction.jta.platform.internal.NoJtaPlatform]
2021-09-28 00:41:16.644  INFO 21192 --- [restartedMain] j.LocalContainerEntityManagerFactoryBean : Initialized JPA EntityManagerFactory for persistence unit 'default'
2021-09-28 00:41:16.657  WARN 21192 --- [restartedMain] JpaBaseConfiguration$JpaWebConfiguration : spring.jpa.open-in-view is enabled by default. Therefore, database queries may be performed during view rendering. Explicitly configure spring.jpa.open-in-view to disable this warning
2021-09-28 00:41:16.723  INFO 21192 --- [restartedMain] o.s.b.d.a.OptionalLiveReloadServer       : LiveReload server is running on port 35729
2021-09-28 00:41:16.737  INFO 21192 --- [restartedMain] o.s.b.w.embedded.tomcat.TomcatWebServer  : Tomcat started on port(s): 8080 (http) with context path '/SpringMVC'
2021-09-28 00:41:16.743  INFO 21192 --- [restartedMain] com.example.pi.ProjetPi1Application      : Started ProjetPi1Application in 0.414 seconds (JVM running for 318.096)
2021-09-28 00:41:16.745  INFO 21192 --- [restartedMain] .ConditionEvaluationDeltaLoggingListener : Condition evaluation unchanged
2021-09-28 00:48:28.008  INFO 21192 --- [Thread-11] j.LocalContainerEntityManagerFactoryBean : Closing JPA EntityManagerFactory for persistence unit 'default'
2021-09-28 00:48:28.014  INFO 21192 --- [Thread-11] com.zaxxer.hikari.HikariDataSource       : HikariPool-3 - Shutdown initiated...
2021-09-28 00:48:28.018  INFO 21192 --- [Thread-11] com.zaxxer.hikari.HikariDataSource       : HikariPool-3 - Shutdown completed.
